Thu Jun 18 13:35:45 CEST 2015 : Server di rete Apache Derby: 10.10.2.0 - (1582446) avviato e pronto ad accettare connessioni sulla porta 1527
----------------------------------------------------------------
Thu Jun 18 13:35:46 CEST 2015:
Avvio della versione di Derby The Apache Software Foundation - Apache Derby - 10.10.2.0 - (1582446): istanza a816c00e-014e-0674-0d2b-fffff98f7e8a
sulla directory di database /Users/apple/GitHub/JabberBlab/backups/JabberBlabDB/JabberBlabDB con caricatore classi sun.misc.Launcher$AppClassLoader@5a07e868 
Caricato da file:/Applications/NetBeans/glassfish-4.1/javadb/lib/derby.jar
java.vendor=Oracle Corporation
java.runtime.version=1.8.0_05-b13
user.dir=/Applications/NetBeans/glassfish-4.1/javadb
os.name=Mac OS X
os.arch=x86_64
os.version=10.10.3
derby.system.home=/Users/apple/GitHub/JabberBlab/backups/JabberBlabDB
Programma di caricamento classe database avviato - derby.database.classpath=''
----------------------------------------------------------------
Thu Jun 18 13:40:49 CEST 2015: arresto in corso del motore di Derby
----------------------------------------------------------------
Thu Jun 18 13:40:49 CEST 2015:
Arresto dell'istanza a816c00e-014e-0674-0d2b-fffff98f7e8a nella directory del database /Users/apple/GitHub/JabberBlab/backups/JabberBlabDB/JabberBlabDB con il caricatore di classi sun.misc.Launcher$AppClassLoader@5a07e868 
----------------------------------------------------------------
